{"name":"hexo","hostname":"bogon","pid":40585,"level":20,"msg":"Hexo version: \u001b[35m3.3.8\u001b[39m","time":"2017-08-11T13:11:06.088Z","v":0}
{"name":"hexo","hostname":"bogon","pid":40585,"level":20,"msg":"Working directory: \u001b[35m~/gitrepo/hexo-theme-sun/\u001b[39m","time":"2017-08-11T13:11:06.091Z","v":0}
{"name":"hexo","hostname":"bogon","pid":40585,"level":20,"msg":"Config loaded: \u001b[35m~/gitrepo/hexo-theme-sun/_config.yml\u001b[39m","time":"2017-08-11T13:11:06.184Z","v":0}
{"name":"hexo","hostname":"bogon","pid":40585,"level":20,"msg":"Plugin loaded: \u001b[35mhexo-deployer-git\u001b[39m","time":"2017-08-11T13:11:06.196Z","v":0}
{"name":"hexo","hostname":"bogon","pid":40585,"level":20,"msg":"Plugin loaded: \u001b[35mhexo-generator-archive\u001b[39m","time":"2017-08-11T13:11:06.199Z","v":0}
{"name":"hexo","hostname":"bogon","pid":40585,"level":20,"msg":"Plugin loaded: \u001b[35mhexo-generator-category\u001b[39m","time":"2017-08-11T13:11:06.200Z","v":0}
{"name":"hexo","hostname":"bogon","pid":40585,"level":20,"msg":"Plugin loaded: \u001b[35mhexo-generator-index\u001b[39m","time":"2017-08-11T13:11:06.201Z","v":0}
{"name":"hexo","hostname":"bogon","pid":40585,"level":20,"msg":"Plugin loaded: \u001b[35mhexo-generator-tag\u001b[39m","time":"2017-08-11T13:11:06.202Z","v":0}
{"name":"hexo","hostname":"bogon","pid":40585,"level":20,"msg":"Plugin loaded: \u001b[35mhexo-renderer-ejs\u001b[39m","time":"2017-08-11T13:11:06.205Z","v":0}
{"name":"hexo","hostname":"bogon","pid":40585,"level":20,"msg":"Plugin loaded: \u001b[35mhexo-renderer-less\u001b[39m","time":"2017-08-11T13:11:06.247Z","v":0}
{"name":"hexo","hostname":"bogon","pid":40585,"level":20,"msg":"Plugin loaded: \u001b[35mhexo-renderer-marked\u001b[39m","time":"2017-08-11T13:11:06.253Z","v":0}
{"name":"hexo","hostname":"bogon","pid":40585,"level":20,"msg":"Plugin loaded: \u001b[35mhexo-renderer-stylus\u001b[39m","time":"2017-08-11T13:11:06.254Z","v":0}
{"name":"hexo","hostname":"bogon","pid":40585,"level":20,"msg":"Plugin loaded: \u001b[35mhexo-server\u001b[39m","time":"2017-08-11T13:11:06.309Z","v":0}
{"name":"hexo","hostname":"bogon","pid":40585,"level":20,"msg":"Loading database.","time":"2017-08-11T13:11:06.311Z","v":0}
{"name":"hexo","hostname":"bogon","pid":40585,"level":30,"msg":"Start processing","time":"2017-08-11T13:11:06.465Z","v":0}
{"name":"hexo","hostname":"bogon","pid":40585,"level":20,"msg":"Processed: \u001b[35mCNAME\u001b[39m","time":"2017-08-11T13:11:06.503Z","v":0}
{"name":"hexo","hostname":"bogon","pid":40585,"level":20,"msg":"Processed: \u001b[35mabout/index.md\u001b[39m","time":"2017-08-11T13:11:06.525Z","v":0}
{"name":"hexo","hostname":"bogon","pid":40585,"level":20,"msg":"Processed: \u001b[35mdonate/index.md\u001b[39m","time":"2017-08-11T13:11:06.525Z","v":0}
{"name":"hexo","hostname":"bogon","pid":40585,"level":20,"msg":"Theme config loaded.","time":"2017-08-11T13:11:06.541Z","v":0}
{"name":"hexo","hostname":"bogon","pid":40585,"level":20,"msg":"Processed: \u001b[35m_config.yml\u001b[39m","time":"2017-08-11T13:11:06.542Z","v":0}
{"name":"hexo","hostname":"bogon","pid":40585,"level":20,"msg":"Processed: \u001b[35msource/css/mark.less\u001b[39m","time":"2017-08-11T13:11:06.550Z","v":0}
{"name":"hexo","hostname":"bogon","pid":40585,"level":20,"msg":"Processed: \u001b[35msource/css/mixin.less\u001b[39m","time":"2017-08-11T13:11:06.550Z","v":0}
{"name":"hexo","hostname":"bogon","pid":40585,"level":20,"msg":"Processed: \u001b[35msource/css/reset.less\u001b[39m","time":"2017-08-11T13:11:06.550Z","v":0}
{"name":"hexo","hostname":"bogon","pid":40585,"level":20,"msg":"Processed: \u001b[35msource/css/sidebar.less\u001b[39m","time":"2017-08-11T13:11:06.550Z","v":0}
{"name":"hexo","hostname":"bogon","pid":40585,"level":20,"msg":"Processed: \u001b[35msource/css/style.less\u001b[39m","time":"2017-08-11T13:11:06.551Z","v":0}
{"name":"hexo","hostname":"bogon","pid":40585,"level":20,"msg":"Processed: \u001b[35msource/css/var.less\u001b[39m","time":"2017-08-11T13:11:06.551Z","v":0}
{"name":"hexo","hostname":"bogon","pid":40585,"level":20,"msg":"Processed: \u001b[35msource/img/search.png\u001b[39m","time":"2017-08-11T13:11:06.551Z","v":0}
{"name":"hexo","hostname":"bogon","pid":40585,"level":20,"msg":"Processed: \u001b[35msource/js/script.js\u001b[39m","time":"2017-08-11T13:11:06.552Z","v":0}
{"name":"hexo","hostname":"bogon","pid":40585,"level":20,"msg":"Processed: \u001b[35mlayout/about.ejs\u001b[39m","time":"2017-08-11T13:11:06.566Z","v":0}
{"name":"hexo","hostname":"bogon","pid":40585,"level":20,"msg":"Processed: \u001b[35mlayout/index.ejs\u001b[39m","time":"2017-08-11T13:11:06.568Z","v":0}
{"name":"hexo","hostname":"bogon","pid":40585,"level":20,"msg":"Processed: \u001b[35mlayout/layout.ejs\u001b[39m","time":"2017-08-11T13:11:06.568Z","v":0}
{"name":"hexo","hostname":"bogon","pid":40585,"level":20,"msg":"Processed: \u001b[35mlayout/post.ejs\u001b[39m","time":"2017-08-11T13:11:06.568Z","v":0}
{"name":"hexo","hostname":"bogon","pid":40585,"level":20,"msg":"Processed: \u001b[35mlanguages/default.yml\u001b[39m","time":"2017-08-11T13:11:06.573Z","v":0}
{"name":"hexo","hostname":"bogon","pid":40585,"level":20,"msg":"Processed: \u001b[35mlanguages/fr.yml\u001b[39m","time":"2017-08-11T13:11:06.573Z","v":0}
{"name":"hexo","hostname":"bogon","pid":40585,"level":20,"msg":"Processed: \u001b[35mlanguages/nl.yml\u001b[39m","time":"2017-08-11T13:11:06.574Z","v":0}
{"name":"hexo","hostname":"bogon","pid":40585,"level":20,"msg":"Processed: \u001b[35mlanguages/no.yml\u001b[39m","time":"2017-08-11T13:11:06.575Z","v":0}
{"name":"hexo","hostname":"bogon","pid":40585,"level":20,"msg":"Processed: \u001b[35mlanguages/ru.yml\u001b[39m","time":"2017-08-11T13:11:06.575Z","v":0}
{"name":"hexo","hostname":"bogon","pid":40585,"level":20,"msg":"Processed: \u001b[35mlanguages/zh-CN.yml\u001b[39m","time":"2017-08-11T13:11:06.575Z","v":0}
{"name":"hexo","hostname":"bogon","pid":40585,"level":20,"msg":"Processed: \u001b[35mlanguages/zh-TW.yml\u001b[39m","time":"2017-08-11T13:11:06.575Z","v":0}
{"name":"hexo","hostname":"bogon","pid":40585,"level":20,"msg":"Processed: \u001b[35msource/img/hcysun.png\u001b[39m","time":"2017-08-11T13:11:06.575Z","v":0}
{"name":"hexo","hostname":"bogon","pid":40585,"level":20,"msg":"Processed: \u001b[35mlayout/_partial/after-footer.ejs\u001b[39m","time":"2017-08-11T13:11:06.588Z","v":0}
{"name":"hexo","hostname":"bogon","pid":40585,"level":20,"msg":"Processed: \u001b[35mlayout/_partial/footer.ejs\u001b[39m","time":"2017-08-11T13:11:06.588Z","v":0}
{"name":"hexo","hostname":"bogon","pid":40585,"level":20,"msg":"Processed: \u001b[35mlayout/_partial/google-analytics.ejs\u001b[39m","time":"2017-08-11T13:11:06.588Z","v":0}
{"name":"hexo","hostname":"bogon","pid":40585,"level":20,"msg":"Processed: \u001b[35mlayout/_partial/head.ejs\u001b[39m","time":"2017-08-11T13:11:06.588Z","v":0}
{"name":"hexo","hostname":"bogon","pid":40585,"level":20,"msg":"Processed: \u001b[35mlayout/_partial/header.ejs\u001b[39m","time":"2017-08-11T13:11:06.588Z","v":0}
{"name":"hexo","hostname":"bogon","pid":40585,"level":20,"msg":"Processed: \u001b[35mlayout/_partial/marks.ejs\u001b[39m","time":"2017-08-11T13:11:06.589Z","v":0}
{"name":"hexo","hostname":"bogon","pid":40585,"level":20,"msg":"Processed: \u001b[35mlayout/_partial/sidebar.ejs\u001b[39m","time":"2017-08-11T13:11:06.589Z","v":0}
{"name":"hexo","hostname":"bogon","pid":40585,"level":20,"msg":"Processed: \u001b[35m_posts/2015/09/23/不用Express脚手架-自己搭建程序骨架.md\u001b[39m","time":"2017-08-11T13:11:06.603Z","v":0}
{"name":"hexo","hostname":"bogon","pid":40585,"level":20,"msg":"Processed: \u001b[35m_posts/2015/09/25/移动端页面开发资源总结.md\u001b[39m","time":"2017-08-11T13:11:06.604Z","v":0}
{"name":"hexo","hostname":"bogon","pid":40585,"level":20,"msg":"Processed: \u001b[35m_posts/2015/10/16/一篇真正教会你开发移动端页面的文章(一).md\u001b[39m","time":"2017-08-11T13:11:06.604Z","v":0}
{"name":"hexo","hostname":"bogon","pid":40585,"level":20,"msg":"Processed: \u001b[35m_posts/2015/10/19/一篇真正教会你开发移动端页面的文章-二.md\u001b[39m","time":"2017-08-11T13:11:06.604Z","v":0}
{"name":"hexo","hostname":"bogon","pid":40585,"level":20,"msg":"Processed: \u001b[35m_posts/2015/11/12/基于gulp-requirejs-rjs的前端自动化构建.md\u001b[39m","time":"2017-08-11T13:11:06.604Z","v":0}
{"name":"hexo","hostname":"bogon","pid":40585,"level":20,"msg":"Processed: \u001b[35m_posts/2015/11/14/基于gulp-requirejs-rjs的前端自动化构建系列文章-二.md\u001b[39m","time":"2017-08-11T13:11:06.604Z","v":0}
{"name":"hexo","hostname":"bogon","pid":40585,"level":20,"msg":"Processed: \u001b[35m_posts/2015/11/21/Mac下使用brew安装mongodb.md\u001b[39m","time":"2017-08-11T13:11:06.604Z","v":0}
{"name":"hexo","hostname":"bogon","pid":40585,"level":20,"msg":"Processed: \u001b[35m_posts/2015/11/26/a标签的href属性与click事件的烦恼.md\u001b[39m","time":"2017-08-11T13:11:06.604Z","v":0}
{"name":"hexo","hostname":"bogon","pid":40585,"level":20,"msg":"Processed: \u001b[35m_posts/2015/12/02/nodejs使用mongodb做数据持久化.md\u001b[39m","time":"2017-08-11T13:11:06.604Z","v":0}
{"name":"hexo","hostname":"bogon","pid":40585,"level":20,"msg":"Processed: \u001b[35m_posts/2015/12/26/项目迁移问题总结.md\u001b[39m","time":"2017-08-11T13:11:06.604Z","v":0}
{"name":"hexo","hostname":"bogon","pid":40585,"level":20,"msg":"Processed: \u001b[35m_posts/2016/01/06/使用gulp实现项目模板化.md\u001b[39m","time":"2017-08-11T13:11:06.604Z","v":0}
{"name":"hexo","hostname":"bogon","pid":40585,"level":20,"msg":"Processed: \u001b[35m_posts/2016/01/30/使用npm和node开发命令行工具并使用npm管理你的包.md\u001b[39m","time":"2017-08-11T13:11:06.604Z","v":0}
{"name":"hexo","hostname":"bogon","pid":40585,"level":20,"msg":"Processed: \u001b[35m_posts/2016/01/14/Ubuntu连接的网络需要登陆认证后才能使用的解决办法.md\u001b[39m","time":"2017-08-11T13:11:06.604Z","v":0}
{"name":"hexo","hostname":"bogon","pid":40585,"level":20,"msg":"Processed: \u001b[35m_posts/2016/02/21/策略模式在表单验证中的应用.md\u001b[39m","time":"2017-08-11T13:11:06.604Z","v":0}
{"name":"hexo","hostname":"bogon","pid":40585,"level":20,"msg":"Processed: \u001b[35m_posts/2016/03/25/基于webpack和vue.js搭建的H5端框架(其实主要用于Hybrid开发H5端框架，但是依然能够作为纯web端使用).md\u001b[39m","time":"2017-08-11T13:11:06.605Z","v":0}
{"name":"hexo","hostname":"bogon","pid":40585,"level":20,"msg":"Processed: \u001b[35m_posts/2016/04/28/JavaScript实现MVVM之我就是想监测一个普通对象的变化.md\u001b[39m","time":"2017-08-11T13:11:06.605Z","v":0}
{"name":"hexo","hostname":"bogon","pid":40585,"level":20,"msg":"Processed: \u001b[35m_posts/2016/07/11/js-Worker-API-在倒计时中的使用.md\u001b[39m","time":"2017-08-11T13:11:06.605Z","v":0}
{"name":"hexo","hostname":"bogon","pid":40585,"level":20,"msg":"Processed: \u001b[35m_posts/2016/08/13/使用weinre调试移动端页面.md\u001b[39m","time":"2017-08-11T13:11:06.605Z","v":0}
{"name":"hexo","hostname":"bogon","pid":40585,"level":20,"msg":"Processed: \u001b[35m_posts/2017/03/03/Vue源码学习.md\u001b[39m","time":"2017-08-11T13:11:06.605Z","v":0}
{"name":"hexo","hostname":"bogon","pid":40585,"level":20,"msg":"Processed: \u001b[35m_posts/2017/05/13/从矩阵与空间操作的关系理解CSS3的transform.md\u001b[39m","time":"2017-08-11T13:11:06.605Z","v":0}
{"name":"hexo","hostname":"bogon","pid":40585,"level":20,"msg":"Generator: \u001b[35mpage\u001b[39m","time":"2017-08-11T13:11:06.650Z","v":0}
{"name":"hexo","hostname":"bogon","pid":40585,"level":20,"msg":"Generator: \u001b[35mpost\u001b[39m","time":"2017-08-11T13:11:06.650Z","v":0}
{"name":"hexo","hostname":"bogon","pid":40585,"level":20,"msg":"Generator: \u001b[35marchive\u001b[39m","time":"2017-08-11T13:11:06.650Z","v":0}
{"name":"hexo","hostname":"bogon","pid":40585,"level":20,"msg":"Generator: \u001b[35mcategory\u001b[39m","time":"2017-08-11T13:11:06.650Z","v":0}
{"name":"hexo","hostname":"bogon","pid":40585,"level":20,"msg":"Generator: \u001b[35mindex\u001b[39m","time":"2017-08-11T13:11:06.650Z","v":0}
{"name":"hexo","hostname":"bogon","pid":40585,"level":20,"msg":"Generator: \u001b[35mtag\u001b[39m","time":"2017-08-11T13:11:06.650Z","v":0}
{"name":"hexo","hostname":"bogon","pid":40585,"level":20,"msg":"Generator: \u001b[35masset\u001b[39m","time":"2017-08-11T13:11:06.651Z","v":0}
{"name":"hexo","hostname":"bogon","pid":40585,"level":30,"msg":"Files loaded in \u001b[36m357 ms\u001b[39m","time":"2017-08-11T13:11:06.667Z","v":0}
{"name":"hexo","hostname":"bogon","pid":40585,"level":20,"msg":"Rendering post: \u001b[35mabout/index.html\u001b[39m","time":"2017-08-11T13:11:06.674Z","v":0}
{"name":"hexo","hostname":"bogon","pid":40585,"level":20,"msg":"Rendering post: \u001b[35mdonate/index.html\u001b[39m","time":"2017-08-11T13:11:06.684Z","v":0}
{"name":"hexo","hostname":"bogon","pid":40585,"level":20,"msg":"Rendering post: \u001b[35m2017/05/13/从矩阵与空间操作的关系理解CSS3的transform/index.html\u001b[39m","time":"2017-08-11T13:11:06.687Z","v":0}
{"name":"hexo","hostname":"bogon","pid":40585,"level":20,"msg":"Rendering post: \u001b[35m2017/03/03/Vue源码学习/index.html\u001b[39m","time":"2017-08-11T13:11:06.690Z","v":0}
{"name":"hexo","hostname":"bogon","pid":40585,"level":20,"msg":"Rendering post: \u001b[35m2016/08/13/使用weinre调试移动端页面/index.html\u001b[39m","time":"2017-08-11T13:11:06.692Z","v":0}
{"name":"hexo","hostname":"bogon","pid":40585,"level":20,"msg":"Rendering post: \u001b[35m2016/07/11/js-Worker-API-在倒计时中的使用/index.html\u001b[39m","time":"2017-08-11T13:11:06.693Z","v":0}
{"name":"hexo","hostname":"bogon","pid":40585,"level":20,"msg":"Rendering post: \u001b[35m2016/04/28/JavaScript实现MVVM之我就是想监测一个普通对象的变化/index.html\u001b[39m","time":"2017-08-11T13:11:06.694Z","v":0}
{"name":"hexo","hostname":"bogon","pid":40585,"level":20,"msg":"Rendering post: \u001b[35m2016/03/25/基于webpack和vue.js搭建的H5端框架(其实主要用于Hybrid开发H5端框架，但是依然能够作为纯web端使用)/index.html\u001b[39m","time":"2017-08-11T13:11:06.696Z","v":0}
{"name":"hexo","hostname":"bogon","pid":40585,"level":20,"msg":"Rendering post: \u001b[35m2016/02/21/策略模式在表单验证中的应用/index.html\u001b[39m","time":"2017-08-11T13:11:06.698Z","v":0}
{"name":"hexo","hostname":"bogon","pid":40585,"level":20,"msg":"Rendering post: \u001b[35m2016/01/14/使用npm和node开发命令行工具并使用npm管理你的包/index.html\u001b[39m","time":"2017-08-11T13:11:06.700Z","v":0}
{"name":"hexo","hostname":"bogon","pid":40585,"level":20,"msg":"Rendering post: \u001b[35m2016/01/14/Ubuntu连接的网络需要登陆认证后才能使用的解决办法/index.html\u001b[39m","time":"2017-08-11T13:11:06.702Z","v":0}
{"name":"hexo","hostname":"bogon","pid":40585,"level":20,"msg":"Rendering post: \u001b[35m2016/01/06/使用gulp实现项目模板化/index.html\u001b[39m","time":"2017-08-11T13:11:06.703Z","v":0}
{"name":"hexo","hostname":"bogon","pid":40585,"level":20,"msg":"Rendering post: \u001b[35m2015/12/26/项目迁移问题总结/index.html\u001b[39m","time":"2017-08-11T13:11:06.704Z","v":0}
{"name":"hexo","hostname":"bogon","pid":40585,"level":20,"msg":"Rendering post: \u001b[35m2015/12/02/nodejs使用mongodb做数据持久化/index.html\u001b[39m","time":"2017-08-11T13:11:06.706Z","v":0}
{"name":"hexo","hostname":"bogon","pid":40585,"level":20,"msg":"Rendering post: \u001b[35m2015/11/26/a标签的href属性与click事件的烦恼/index.html\u001b[39m","time":"2017-08-11T13:11:06.707Z","v":0}
{"name":"hexo","hostname":"bogon","pid":40585,"level":20,"msg":"Rendering post: \u001b[35m2015/11/21/Mac下使用brew安装mongodb/index.html\u001b[39m","time":"2017-08-11T13:11:06.708Z","v":0}
{"name":"hexo","hostname":"bogon","pid":40585,"level":20,"msg":"Rendering post: \u001b[35m2015/11/14/基于gulp-requirejs-rjs的前端自动化构建系列文章-二/index.html\u001b[39m","time":"2017-08-11T13:11:06.710Z","v":0}
{"name":"hexo","hostname":"bogon","pid":40585,"level":20,"msg":"Rendering post: \u001b[35m2015/11/12/基于gulp-requirejs-rjs的前端自动化构建/index.html\u001b[39m","time":"2017-08-11T13:11:06.711Z","v":0}
{"name":"hexo","hostname":"bogon","pid":40585,"level":20,"msg":"Rendering post: \u001b[35m2015/10/19/一篇真正教会你开发移动端页面的文章-二/index.html\u001b[39m","time":"2017-08-11T13:11:06.712Z","v":0}
{"name":"hexo","hostname":"bogon","pid":40585,"level":20,"msg":"Rendering post: \u001b[35m2015/10/16/一篇真正教会你开发移动端页面的文章(一)/index.html\u001b[39m","time":"2017-08-11T13:11:06.713Z","v":0}
{"name":"hexo","hostname":"bogon","pid":40585,"level":20,"msg":"Rendering post: \u001b[35m2015/09/25/移动端页面开发资源总结/index.html\u001b[39m","time":"2017-08-11T13:11:06.714Z","v":0}
{"name":"hexo","hostname":"bogon","pid":40585,"level":20,"msg":"Rendering post: \u001b[35m2015/09/23/不用Express脚手架-自己搭建程序骨架/index.html\u001b[39m","time":"2017-08-11T13:11:06.715Z","v":0}
{"name":"hexo","hostname":"bogon","pid":40585,"level":20,"msg":"Rendering index: \u001b[35marchives/index.html\u001b[39m","time":"2017-08-11T13:11:06.716Z","v":0}
{"name":"hexo","hostname":"bogon","pid":40585,"level":20,"msg":"Rendering index: \u001b[35marchives/page/2/index.html\u001b[39m","time":"2017-08-11T13:11:06.718Z","v":0}
{"name":"hexo","hostname":"bogon","pid":40585,"level":20,"msg":"Rendering index: \u001b[35marchives/2015/index.html\u001b[39m","time":"2017-08-11T13:11:06.720Z","v":0}
{"name":"hexo","hostname":"bogon","pid":40585,"level":20,"msg":"Rendering index: \u001b[35marchives/2015/09/index.html\u001b[39m","time":"2017-08-11T13:11:06.722Z","v":0}
{"name":"hexo","hostname":"bogon","pid":40585,"level":20,"msg":"Rendering index: \u001b[35marchives/2015/10/index.html\u001b[39m","time":"2017-08-11T13:11:06.724Z","v":0}
{"name":"hexo","hostname":"bogon","pid":40585,"level":20,"msg":"Rendering index: \u001b[35marchives/2015/11/index.html\u001b[39m","time":"2017-08-11T13:11:06.725Z","v":0}
{"name":"hexo","hostname":"bogon","pid":40585,"level":20,"msg":"Rendering index: \u001b[35marchives/2015/12/index.html\u001b[39m","time":"2017-08-11T13:11:06.726Z","v":0}
{"name":"hexo","hostname":"bogon","pid":40585,"level":20,"msg":"Rendering index: \u001b[35marchives/2016/index.html\u001b[39m","time":"2017-08-11T13:11:06.727Z","v":0}
{"name":"hexo","hostname":"bogon","pid":40585,"level":20,"msg":"Rendering index: \u001b[35marchives/2016/01/index.html\u001b[39m","time":"2017-08-11T13:11:06.728Z","v":0}
{"name":"hexo","hostname":"bogon","pid":40585,"level":20,"msg":"Rendering index: \u001b[35marchives/2016/02/index.html\u001b[39m","time":"2017-08-11T13:11:06.730Z","v":0}
{"name":"hexo","hostname":"bogon","pid":40585,"level":20,"msg":"Rendering index: \u001b[35marchives/2016/03/index.html\u001b[39m","time":"2017-08-11T13:11:06.732Z","v":0}
{"name":"hexo","hostname":"bogon","pid":40585,"level":20,"msg":"Rendering index: \u001b[35marchives/2016/04/index.html\u001b[39m","time":"2017-08-11T13:11:06.735Z","v":0}
{"name":"hexo","hostname":"bogon","pid":40585,"level":20,"msg":"Rendering index: \u001b[35marchives/2016/07/index.html\u001b[39m","time":"2017-08-11T13:11:06.736Z","v":0}
{"name":"hexo","hostname":"bogon","pid":40585,"level":20,"msg":"Rendering index: \u001b[35marchives/2016/08/index.html\u001b[39m","time":"2017-08-11T13:11:06.737Z","v":0}
{"name":"hexo","hostname":"bogon","pid":40585,"level":20,"msg":"Rendering index: \u001b[35marchives/2017/index.html\u001b[39m","time":"2017-08-11T13:11:06.738Z","v":0}
{"name":"hexo","hostname":"bogon","pid":40585,"level":20,"msg":"Rendering index: \u001b[35marchives/2017/03/index.html\u001b[39m","time":"2017-08-11T13:11:06.739Z","v":0}
{"name":"hexo","hostname":"bogon","pid":40585,"level":20,"msg":"Rendering index: \u001b[35marchives/2017/05/index.html\u001b[39m","time":"2017-08-11T13:11:06.739Z","v":0}
{"name":"hexo","hostname":"bogon","pid":40585,"level":20,"msg":"Rendering index: \u001b[35mcategories/WebFrontEnd/index.html\u001b[39m","time":"2017-08-11T13:11:06.740Z","v":0}
{"name":"hexo","hostname":"bogon","pid":40585,"level":20,"msg":"Rendering index: \u001b[35mcategories/WebFrontEnd/page/2/index.html\u001b[39m","time":"2017-08-11T13:11:06.741Z","v":0}
{"name":"hexo","hostname":"bogon","pid":40585,"level":20,"msg":"Rendering index: \u001b[35mindex.html\u001b[39m","time":"2017-08-11T13:11:06.742Z","v":0}
{"name":"hexo","hostname":"bogon","pid":40585,"level":20,"msg":"Rendering index: \u001b[35mpage/2/index.html\u001b[39m","time":"2017-08-11T13:11:06.745Z","v":0}
{"name":"hexo","hostname":"bogon","pid":40585,"level":20,"msg":"Rendering index: \u001b[35mtags/express/index.html\u001b[39m","time":"2017-08-11T13:11:06.747Z","v":0}
{"name":"hexo","hostname":"bogon","pid":40585,"level":20,"msg":"Rendering index: \u001b[35mtags/nodejs/index.html\u001b[39m","time":"2017-08-11T13:11:06.749Z","v":0}
{"name":"hexo","hostname":"bogon","pid":40585,"level":20,"msg":"Rendering index: \u001b[35mtags/html/index.html\u001b[39m","time":"2017-08-11T13:11:06.750Z","v":0}
{"name":"hexo","hostname":"bogon","pid":40585,"level":20,"msg":"Rendering index: \u001b[35mtags/css/index.html\u001b[39m","time":"2017-08-11T13:11:06.751Z","v":0}
{"name":"hexo","hostname":"bogon","pid":40585,"level":20,"msg":"Rendering index: \u001b[35mtags/移动页面/index.html\u001b[39m","time":"2017-08-11T13:11:06.753Z","v":0}
{"name":"hexo","hostname":"bogon","pid":40585,"level":20,"msg":"Rendering index: \u001b[35mtags/js/index.html\u001b[39m","time":"2017-08-11T13:11:06.753Z","v":0}
{"name":"hexo","hostname":"bogon","pid":40585,"level":20,"msg":"Rendering index: \u001b[35mtags/自动化/index.html\u001b[39m","time":"2017-08-11T13:11:06.762Z","v":0}
{"name":"hexo","hostname":"bogon","pid":40585,"level":20,"msg":"Rendering index: \u001b[35mtags/gulp/index.html\u001b[39m","time":"2017-08-11T13:11:06.762Z","v":0}
{"name":"hexo","hostname":"bogon","pid":40585,"level":20,"msg":"Rendering index: \u001b[35mtags/requirejs/index.html\u001b[39m","time":"2017-08-11T13:11:06.763Z","v":0}
{"name":"hexo","hostname":"bogon","pid":40585,"level":20,"msg":"Rendering index: \u001b[35mtags/rjs/index.html\u001b[39m","time":"2017-08-11T13:11:06.763Z","v":0}
{"name":"hexo","hostname":"bogon","pid":40585,"level":20,"msg":"Rendering index: \u001b[35mtags/构建/index.html\u001b[39m","time":"2017-08-11T13:11:06.764Z","v":0}
{"name":"hexo","hostname":"bogon","pid":40585,"level":20,"msg":"Rendering index: \u001b[35mtags/mongodb/index.html\u001b[39m","time":"2017-08-11T13:11:06.765Z","v":0}
{"name":"hexo","hostname":"bogon","pid":40585,"level":20,"msg":"Rendering index: \u001b[35mtags/数据库/index.html\u001b[39m","time":"2017-08-11T13:11:06.767Z","v":0}
{"name":"hexo","hostname":"bogon","pid":40585,"level":20,"msg":"Rendering index: \u001b[35mtags/brew/index.html\u001b[39m","time":"2017-08-11T13:11:06.768Z","v":0}
{"name":"hexo","hostname":"bogon","pid":40585,"level":20,"msg":"Rendering index: \u001b[35mtags/Ubuntu/index.html\u001b[39m","time":"2017-08-11T13:11:06.769Z","v":0}
{"name":"hexo","hostname":"bogon","pid":40585,"level":20,"msg":"Rendering index: \u001b[35mtags/git/index.html\u001b[39m","time":"2017-08-11T13:11:06.770Z","v":0}
{"name":"hexo","hostname":"bogon","pid":40585,"level":20,"msg":"Rendering index: \u001b[35mtags/插件/index.html\u001b[39m","time":"2017-08-11T13:11:06.771Z","v":0}
{"name":"hexo","hostname":"bogon","pid":40585,"level":20,"msg":"Rendering index: \u001b[35mtags/python/index.html\u001b[39m","time":"2017-08-11T13:11:06.772Z","v":0}
{"name":"hexo","hostname":"bogon","pid":40585,"level":20,"msg":"Rendering index: \u001b[35mtags/pycurl/index.html\u001b[39m","time":"2017-08-11T13:11:06.773Z","v":0}
{"name":"hexo","hostname":"bogon","pid":40585,"level":20,"msg":"Rendering index: \u001b[35mtags/node/index.html\u001b[39m","time":"2017-08-11T13:11:06.774Z","v":0}
{"name":"hexo","hostname":"bogon","pid":40585,"level":20,"msg":"Rendering index: \u001b[35mtags/npm/index.html\u001b[39m","time":"2017-08-11T13:11:06.775Z","v":0}
{"name":"hexo","hostname":"bogon","pid":40585,"level":20,"msg":"Rendering index: \u001b[35mtags/命令行工具/index.html\u001b[39m","time":"2017-08-11T13:11:06.776Z","v":0}
{"name":"hexo","hostname":"bogon","pid":40585,"level":20,"msg":"Rendering index: \u001b[35mtags/设计模式/index.html\u001b[39m","time":"2017-08-11T13:11:06.776Z","v":0}
{"name":"hexo","hostname":"bogon","pid":40585,"level":20,"msg":"Rendering index: \u001b[35mtags/表单验证/index.html\u001b[39m","time":"2017-08-11T13:11:06.778Z","v":0}
{"name":"hexo","hostname":"bogon","pid":40585,"level":20,"msg":"Rendering index: \u001b[35mtags/框架/index.html\u001b[39m","time":"2017-08-11T13:11:06.778Z","v":0}
{"name":"hexo","hostname":"bogon","pid":40585,"level":20,"msg":"Rendering index: \u001b[35mtags/MVVM/index.html\u001b[39m","time":"2017-08-11T13:11:06.779Z","v":0}
{"name":"hexo","hostname":"bogon","pid":40585,"level":20,"msg":"Rendering index: \u001b[35mtags/observe/index.html\u001b[39m","time":"2017-08-11T13:11:06.780Z","v":0}
{"name":"hexo","hostname":"bogon","pid":40585,"level":20,"msg":"Rendering index: \u001b[35mtags/Worker/index.html\u001b[39m","time":"2017-08-11T13:11:06.780Z","v":0}
{"name":"hexo","hostname":"bogon","pid":40585,"level":20,"msg":"Rendering index: \u001b[35mtags/架构/index.html\u001b[39m","time":"2017-08-11T13:11:06.781Z","v":0}
{"name":"hexo","hostname":"bogon","pid":40585,"level":20,"msg":"Rendering index: \u001b[35mtags/vue/index.html\u001b[39m","time":"2017-08-11T13:11:06.782Z","v":0}
{"name":"hexo","hostname":"bogon","pid":40585,"level":20,"msg":"Rendering index: \u001b[35mtags/webpack/index.html\u001b[39m","time":"2017-08-11T13:11:06.782Z","v":0}
{"name":"hexo","hostname":"bogon","pid":40585,"level":20,"msg":"Rendering index: \u001b[35mtags/debug/index.html\u001b[39m","time":"2017-08-11T13:11:06.783Z","v":0}
{"name":"hexo","hostname":"bogon","pid":40585,"level":20,"msg":"Rendering index: \u001b[35mtags/移动调试/index.html\u001b[39m","time":"2017-08-11T13:11:06.785Z","v":0}
{"name":"hexo","hostname":"bogon","pid":40585,"level":20,"msg":"Rendering index: \u001b[35mtags/源码/index.html\u001b[39m","time":"2017-08-11T13:11:06.787Z","v":0}
{"name":"hexo","hostname":"bogon","pid":40585,"level":20,"msg":"Rendering index: \u001b[35mtags/Vue/index.html\u001b[39m","time":"2017-08-11T13:11:06.789Z","v":0}
{"name":"hexo","hostname":"bogon","pid":40585,"level":20,"msg":"Rendering index: \u001b[35mtags/finger-mover/index.html\u001b[39m","time":"2017-08-11T13:11:06.789Z","v":0}
{"name":"hexo","hostname":"bogon","pid":40585,"level":20,"msg":"Rendering index: \u001b[35mtags/css3/index.html\u001b[39m","time":"2017-08-11T13:11:06.790Z","v":0}
{"name":"hexo","hostname":"bogon","pid":40585,"level":20,"msg":"Rendering index: \u001b[35mtags/transform/index.html\u001b[39m","time":"2017-08-11T13:11:06.791Z","v":0}
{"name":"hexo","hostname":"bogon","pid":40585,"level":30,"msg":"0 files generated in \u001b[36m502 ms\u001b[39m","time":"2017-08-11T13:11:07.170Z","v":0}
{"name":"hexo","hostname":"bogon","pid":40585,"level":20,"msg":"Database saved","time":"2017-08-11T13:11:07.205Z","v":0}
